2020-07-13 21:09:37.702  INFO 25124 --- [restartedMain] com.zhanghui.vue.VueApplication          : Starting VueApplication on LAPTOP-4BN0RQ22 with PID 25124 (started by 张辉 in F:\Users\张辉\IdeaProjects\XiangMu\zh_vue)
2020-07-13 21:09:37.709  INFO 25124 --- [restartedMain] com.zhanghui.vue.VueApplication          : No active profile set, falling back to default profiles: default
2020-07-13 21:09:37.936  INFO 25124 --- [restartedMain] ConfigServletWebServerApplicationContext : Refreshing org.springframework.boot.web.servlet.context.AnnotationConfigServletWebServerApplicationContext@5eb59ed0: startup date [Mon Jul 13 21:09:37 CST 2020]; root of context hierarchy
2020-07-13 21:09:40.055  INFO 25124 --- [restartedMain] trationDelegate$BeanPostProcessorChecker : Bean 'org.springframework.transaction.annotation.ProxyTransactionManagementConfiguration' of type [org.springframework.transaction.annotation.ProxyTransactionManagementConfiguration$$EnhancerBySpringCGLIB$$36fcd1eb] is not eligible for getting processed by all BeanPostProcessors (for example: not eligible for auto-proxying)
2020-07-13 21:09:40.510  INFO 25124 --- [restartedMain] o.s.b.w.embedded.tomcat.TomcatWebServer  : Tomcat initialized with port(s): 1234 (http)
2020-07-13 21:09:40.530  INFO 25124 --- [restartedMain] o.apache.catalina.core.StandardService   : Starting service [Tomcat]
2020-07-13 21:09:40.530  INFO 25124 --- [restartedMain] org.apache.catalina.core.StandardEngine  : Starting Servlet Engine: Apache Tomcat/8.5.34
2020-07-13 21:09:40.533  INFO 25124 --- [localhost-startStop-1] o.a.catalina.core.AprLifecycleListener   : The APR based Apache Tomcat Native library which allows optimal performance in production environments was not found on the java.library.path: [E:\Program Files\Java\jdk1.8.0_121\bin;C:\Windows\Sun\Java\bin;C:\Windows\system32;C:\Windows;F:\oraclexe\app\oracle\product\10.2.0\server\bin;C:\Windows\system32;C:\Windows;C:\Windows\System32\Wbem;C:\Windows\System32\WindowsPowerShell\v1.0\;C:\Windows\System32\OpenSSH\;C:\Program Files (x86)\NVIDIA Corporation\PhysX\Common;C:\Program Files\NVIDIA Corporation\NVIDIA NvDLISR;F:\apache-maven-3.5.3\bin;F:\Users\张辉\bin;E:\Program Files\Java\jdk1.8.0_121\bin;E:\Users\张辉\AppData\Local\VanDyke Software\Clients\;.]
2020-07-13 21:09:40.919  INFO 25124 --- [localhost-startStop-1] org.apache.jasper.servlet.TldScanner     : At least one JAR was scanned for TLDs yet contained no TLDs. Enable debug logging for this logger for a complete list of JARs that were scanned but no TLDs were found in them. Skipping unneeded JARs during scanning can improve startup time and JSP compilation time.
2020-07-13 21:09:40.926  INFO 25124 --- [localhost-startStop-1] o.a.c.c.C.[Tomcat].[localhost].[/]       : Initializing Spring embedded WebApplicationContext
2020-07-13 21:09:40.926  INFO 25124 --- [localhost-startStop-1] o.s.web.context.ContextLoader            : Root WebApplicationContext: initialization completed in 2990 ms
2020-07-13 21:09:41.875  INFO 25124 --- [localhost-startStop-1] o.s.b.w.servlet.FilterRegistrationBean   : Mapping filter: 'characterEncodingFilter' to: [/*]
2020-07-13 21:09:41.875  INFO 25124 --- [localhost-startStop-1] o.s.b.w.servlet.FilterRegistrationBean   : Mapping filter: 'webMvcMetricsFilter' to: [/*]
2020-07-13 21:09:41.876  INFO 25124 --- [localhost-startStop-1] o.s.b.w.servlet.FilterRegistrationBean   : Mapping filter: 'hiddenHttpMethodFilter' to: [/*]
2020-07-13 21:09:41.876  INFO 25124 --- [localhost-startStop-1] o.s.b.w.servlet.FilterRegistrationBean   : Mapping filter: 'httpPutFormContentFilter' to: [/*]
2020-07-13 21:09:41.876  INFO 25124 --- [localhost-startStop-1] o.s.b.w.servlet.FilterRegistrationBean   : Mapping filter: 'requestContextFilter' to: [/*]
2020-07-13 21:09:41.877  INFO 25124 --- [localhost-startStop-1] o.s.b.w.servlet.FilterRegistrationBean   : Mapping filter: 'httpTraceFilter' to: [/*]
2020-07-13 21:09:41.877  INFO 25124 --- [localhost-startStop-1] o.s.b.w.servlet.ServletRegistrationBean  : Servlet dispatcherServlet mapped to [/]
2020-07-13 21:09:42.196  INFO 25124 --- [restartedMain] o.s.w.s.handler.SimpleUrlHandlerMapping  : Mapped URL path [/**/favicon.ico] onto handler of type [class org.springframework.web.servlet.resource.ResourceHttpRequestHandler]
2020-07-13 21:09:42.416  INFO 25124 --- [restartedMain] s.w.s.m.m.a.RequestMappingHandlerAdapter : Looking for @ControllerAdvice: org.springframework.boot.web.servlet.context.AnnotationConfigServletWebServerApplicationContext@5eb59ed0: startup date [Mon Jul 13 21:09:37 CST 2020]; root of context hierarchy
2020-07-13 21:09:42.484  INFO 25124 --- [restartedMain] s.w.s.m.m.a.RequestMappingHandlerMapping : Mapped "{[/yxAdmin/insert],methods=[POST]}" onto public java.util.HashMap<java.lang.String, java.lang.String> com.zhanghui.vue.controller.YxAdminController.insert(com.zhanghui.vue.entity.YxAdmin)
2020-07-13 21:09:42.485  INFO 25124 --- [restartedMain] s.w.s.m.m.a.RequestMappingHandlerMapping : Mapped "{[/yxAdmin/queryWeatherByCity],methods=[GET]}" onto public java.util.Map<java.lang.String, java.lang.String> com.zhanghui.vue.controller.YxAdminController.queryWeatherByCity(java.lang.String)
2020-07-13 21:09:42.485  INFO 25124 --- [restartedMain] s.w.s.m.m.a.RequestMappingHandlerMapping : Mapped "{[/yxAdmin/selectOne],methods=[GET]}" onto public com.zhanghui.vue.entity.YxAdmin com.zhanghui.vue.controller.YxAdminController.selectOne(java.lang.String)
2020-07-13 21:09:42.485  INFO 25124 --- [restartedMain] s.w.s.m.m.a.RequestMappingHandlerMapping : Mapped "{[/yxAdmin/selectAll],methods=[GET]}" onto public java.util.List<com.zhanghui.vue.entity.YxAdmin> com.zhanghui.vue.controller.YxAdminController.selectAll()
2020-07-13 21:09:42.488  INFO 25124 --- [restartedMain] s.w.s.m.m.a.RequestMappingHandlerMapping : Mapped "{[/error]}" onto public org.springframework.http.ResponseEntity<java.util.Map<java.lang.String, java.lang.Object>> org.springframework.boot.autoconfigure.web.servlet.error.BasicErrorController.error(javax.servlet.http.HttpServletRequest)
2020-07-13 21:09:42.489  INFO 25124 --- [restartedMain] s.w.s.m.m.a.RequestMappingHandlerMapping : Mapped "{[/error],produces=[text/html]}" onto public org.springframework.web.servlet.ModelAndView org.springframework.boot.autoconfigure.web.servlet.error.BasicErrorController.errorHtml(javax.servlet.http.HttpServletRequest,javax.servlet.http.HttpServletResponse)
2020-07-13 21:09:42.518  INFO 25124 --- [restartedMain] o.s.w.s.handler.SimpleUrlHandlerMapping  : Mapped URL path [/webjars/**] onto handler of type [class org.springframework.web.servlet.resource.ResourceHttpRequestHandler]
2020-07-13 21:09:42.518  INFO 25124 --- [restartedMain] o.s.w.s.handler.SimpleUrlHandlerMapping  : Mapped URL path [/**] onto handler of type [class org.springframework.web.servlet.resource.ResourceHttpRequestHandler]
2020-07-13 21:09:42.996  WARN 25124 --- [restartedMain] o.s.b.d.a.OptionalLiveReloadServer       : Unable to start LiveReload server
2020-07-13 21:09:43.010  INFO 25124 --- [restartedMain] o.s.b.a.e.web.EndpointLinksResolver      : Exposing 2 endpoint(s) beneath base path '/actuator'
2020-07-13 21:09:43.022  INFO 25124 --- [restartedMain] s.b.a.e.w.s.WebMvcEndpointHandlerMapping : Mapped "{[/actuator/health],methods=[GET],produces=[application/vnd.spring-boot.actuator.v2+json || application/json]}" onto public java.lang.Object org.springframework.boot.actuate.endpoint.web.servlet.AbstractWebMvcEndpointHandlerMapping$OperationHandler.handle(javax.servlet.http.HttpServletRequest,java.util.Map<java.lang.String, java.lang.String>)
2020-07-13 21:09:43.024  INFO 25124 --- [restartedMain] s.b.a.e.w.s.WebMvcEndpointHandlerMapping : Mapped "{[/actuator/info],methods=[GET],produces=[application/vnd.spring-boot.actuator.v2+json || application/json]}" onto public java.lang.Object org.springframework.boot.actuate.endpoint.web.servlet.AbstractWebMvcEndpointHandlerMapping$OperationHandler.handle(javax.servlet.http.HttpServletRequest,java.util.Map<java.lang.String, java.lang.String>)
2020-07-13 21:09:43.024  INFO 25124 --- [restartedMain] s.b.a.e.w.s.WebMvcEndpointHandlerMapping : Mapped "{[/actuator],methods=[GET],produces=[application/vnd.spring-boot.actuator.v2+json || application/json]}" onto protected java.util.Map<java.lang.String, java.util.Map<java.lang.String, org.springframework.boot.actuate.endpoint.web.Link>> org.springframework.boot.actuate.endpoint.web.servlet.WebMvcEndpointHandlerMapping.links(javax.servlet.http.HttpServletRequest,javax.servlet.http.HttpServletResponse)
2020-07-13 21:09:43.072  INFO 25124 --- [restartedMain] o.s.j.e.a.AnnotationMBeanExporter        : Registering beans for JMX exposure on startup
2020-07-13 21:09:43.073  INFO 25124 --- [restartedMain] o.s.j.e.a.AnnotationMBeanExporter        : Bean with name 'dataSource' has been autodetected for JMX exposure
2020-07-13 21:09:43.078  INFO 25124 --- [restartedMain] o.s.j.e.a.AnnotationMBeanExporter        : Located MBean 'dataSource': registering with JMX server as MBean [com.alibaba.druid.pool:name=dataSource,type=DruidDataSource]
2020-07-13 21:09:43.122  INFO 25124 --- [restartedMain] o.s.b.w.embedded.tomcat.TomcatWebServer  : Tomcat started on port(s): 1234 (http) with context path ''
2020-07-13 21:09:43.125  INFO 25124 --- [restartedMain] com.zhanghui.vue.VueApplication          : Started VueApplication in 6.105 seconds (JVM running for 8.309)
2020-07-13 21:09:43.480  INFO 25124 --- [RMI TCP Connection(1)-192.168.32.1] o.a.c.c.C.[Tomcat].[localhost].[/]       : Initializing Spring FrameworkServlet 'dispatcherServlet'
2020-07-13 21:09:43.480  INFO 25124 --- [RMI TCP Connection(1)-192.168.32.1] o.s.web.servlet.DispatcherServlet        : FrameworkServlet 'dispatcherServlet': initialization started
2020-07-13 21:09:43.500  INFO 25124 --- [RMI TCP Connection(1)-192.168.32.1] o.s.web.servlet.DispatcherServlet        : FrameworkServlet 'dispatcherServlet': initialization completed in 20 ms
2020-07-13 21:09:43.528  INFO 25124 --- [RMI TCP Connection(2)-192.168.32.1] com.alibaba.druid.pool.DruidDataSource   : {dataSource-1} inited
2020-07-13 21:24:07.961  INFO 29592 --- [restartedMain] com.zhanghui.vue.VueApplication          : Starting VueApplication on LAPTOP-4BN0RQ22 with PID 29592 (started by 张辉 in F:\Users\张辉\IdeaProjects\XiangMu\zh_vue)
2020-07-13 21:24:07.963  INFO 29592 --- [restartedMain] com.zhanghui.vue.VueApplication          : No active profile set, falling back to default profiles: default
2020-07-13 21:24:08.020  INFO 29592 --- [restartedMain] ConfigServletWebServerApplicationContext : Refreshing org.springframework.boot.web.servlet.context.AnnotationConfigServletWebServerApplicationContext@60a789fb: startup date [Mon Jul 13 21:24:08 CST 2020]; root of context hierarchy
2020-07-13 21:24:09.856  INFO 29592 --- [restartedMain] trationDelegate$BeanPostProcessorChecker : Bean 'org.springframework.transaction.annotation.ProxyTransactionManagementConfiguration' of type [org.springframework.transaction.annotation.ProxyTransactionManagementConfiguration$$EnhancerBySpringCGLIB$$6002efc2] is not eligible for getting processed by all BeanPostProcessors (for example: not eligible for auto-proxying)
2020-07-13 21:24:10.321  INFO 29592 --- [restartedMain] o.s.b.w.embedded.tomcat.TomcatWebServer  : Tomcat initialized with port(s): 1234 (http)
2020-07-13 21:24:10.343  INFO 29592 --- [restartedMain] o.apache.catalina.core.StandardService   : Starting service [Tomcat]
2020-07-13 21:24:10.344  INFO 29592 --- [restartedMain] org.apache.catalina.core.StandardEngine  : Starting Servlet Engine: Apache Tomcat/8.5.34
2020-07-13 21:24:10.347  INFO 29592 --- [localhost-startStop-1] o.a.catalina.core.AprLifecycleListener   : The APR based Apache Tomcat Native library which allows optimal performance in production environments was not found on the java.library.path: [E:\Program Files\Java\jdk1.8.0_121\bin;C:\Windows\Sun\Java\bin;C:\Windows\system32;C:\Windows;F:\oraclexe\app\oracle\product\10.2.0\server\bin;C:\Windows\system32;C:\Windows;C:\Windows\System32\Wbem;C:\Windows\System32\WindowsPowerShell\v1.0\;C:\Windows\System32\OpenSSH\;C:\Program Files (x86)\NVIDIA Corporation\PhysX\Common;C:\Program Files\NVIDIA Corporation\NVIDIA NvDLISR;F:\apache-maven-3.5.3\bin;F:\Users\张辉\bin;E:\Program Files\Java\jdk1.8.0_121\bin;E:\Users\张辉\AppData\Local\VanDyke Software\Clients\;.]
2020-07-13 21:24:10.679  INFO 29592 --- [localhost-startStop-1] org.apache.jasper.servlet.TldScanner     : At least one JAR was scanned for TLDs yet contained no TLDs. Enable debug logging for this logger for a complete list of JARs that were scanned but no TLDs were found in them. Skipping unneeded JARs during scanning can improve startup time and JSP compilation time.
2020-07-13 21:24:10.686  INFO 29592 --- [localhost-startStop-1] o.a.c.c.C.[Tomcat].[localhost].[/]       : Initializing Spring embedded WebApplicationContext
2020-07-13 21:24:10.686  INFO 29592 --- [localhost-startStop-1] o.s.web.context.ContextLoader            : Root WebApplicationContext: initialization completed in 2666 ms
2020-07-13 21:24:11.766  INFO 29592 --- [localhost-startStop-1] o.s.b.w.servlet.FilterRegistrationBean   : Mapping filter: 'characterEncodingFilter' to: [/*]
2020-07-13 21:24:11.767  INFO 29592 --- [localhost-startStop-1] o.s.b.w.servlet.FilterRegistrationBean   : Mapping filter: 'webMvcMetricsFilter' to: [/*]
2020-07-13 21:24:11.767  INFO 29592 --- [localhost-startStop-1] o.s.b.w.servlet.FilterRegistrationBean   : Mapping filter: 'hiddenHttpMethodFilter' to: [/*]
2020-07-13 21:24:11.767  INFO 29592 --- [localhost-startStop-1] o.s.b.w.servlet.FilterRegistrationBean   : Mapping filter: 'httpPutFormContentFilter' to: [/*]
2020-07-13 21:24:11.767  INFO 29592 --- [localhost-startStop-1] o.s.b.w.servlet.FilterRegistrationBean   : Mapping filter: 'requestContextFilter' to: [/*]
2020-07-13 21:24:11.768  INFO 29592 --- [localhost-startStop-1] o.s.b.w.servlet.FilterRegistrationBean   : Mapping filter: 'httpTraceFilter' to: [/*]
2020-07-13 21:24:11.768  INFO 29592 --- [localhost-startStop-1] o.s.b.w.servlet.ServletRegistrationBean  : Servlet dispatcherServlet mapped to [/]
2020-07-13 21:24:12.067  INFO 29592 --- [restartedMain] o.s.w.s.handler.SimpleUrlHandlerMapping  : Mapped URL path [/**/favicon.ico] onto handler of type [class org.springframework.web.servlet.resource.ResourceHttpRequestHandler]
2020-07-13 21:24:12.250  INFO 29592 --- [restartedMain] s.w.s.m.m.a.RequestMappingHandlerAdapter : Looking for @ControllerAdvice: org.springframework.boot.web.servlet.context.AnnotationConfigServletWebServerApplicationContext@60a789fb: startup date [Mon Jul 13 21:24:08 CST 2020]; root of context hierarchy
2020-07-13 21:24:12.305  INFO 29592 --- [restartedMain] s.w.s.m.m.a.RequestMappingHandlerMapping : Mapped "{[/yxAdmin/insert],methods=[POST]}" onto public java.util.HashMap<java.lang.String, java.lang.String> com.zhanghui.vue.controller.YxAdminController.insert(com.zhanghui.vue.entity.YxAdmin)
2020-07-13 21:24:12.306  INFO 29592 --- [restartedMain] s.w.s.m.m.a.RequestMappingHandlerMapping : Mapped "{[/yxAdmin/queryWeatherByCity],methods=[GET]}" onto public java.util.Map<java.lang.String, java.lang.String> com.zhanghui.vue.controller.YxAdminController.queryWeatherByCity(java.lang.String)
2020-07-13 21:24:12.306  INFO 29592 --- [restartedMain] s.w.s.m.m.a.RequestMappingHandlerMapping : Mapped "{[/yxAdmin/selectOne],methods=[GET]}" onto public com.zhanghui.vue.entity.YxAdmin com.zhanghui.vue.controller.YxAdminController.selectOne(java.lang.String)
2020-07-13 21:24:12.306  INFO 29592 --- [restartedMain] s.w.s.m.m.a.RequestMappingHandlerMapping : Mapped "{[/yxAdmin/selectAll],methods=[GET]}" onto public java.util.List<com.zhanghui.vue.entity.YxAdmin> com.zhanghui.vue.controller.YxAdminController.selectAll()
2020-07-13 21:24:12.309  INFO 29592 --- [restartedMain] s.w.s.m.m.a.RequestMappingHandlerMapping : Mapped "{[/error]}" onto public org.springframework.http.ResponseEntity<java.util.Map<java.lang.String, java.lang.Object>> org.springframework.boot.autoconfigure.web.servlet.error.BasicErrorController.error(javax.servlet.http.HttpServletRequest)
2020-07-13 21:24:12.310  INFO 29592 --- [restartedMain] s.w.s.m.m.a.RequestMappingHandlerMapping : Mapped "{[/error],produces=[text/html]}" onto public org.springframework.web.servlet.ModelAndView org.springframework.boot.autoconfigure.web.servlet.error.BasicErrorController.errorHtml(javax.servlet.http.HttpServletRequest,javax.servlet.http.HttpServletResponse)
2020-07-13 21:24:12.338  INFO 29592 --- [restartedMain] o.s.w.s.handler.SimpleUrlHandlerMapping  : Mapped URL path [/webjars/**] onto handler of type [class org.springframework.web.servlet.resource.ResourceHttpRequestHandler]
2020-07-13 21:24:12.338  INFO 29592 --- [restartedMain] o.s.w.s.handler.SimpleUrlHandlerMapping  : Mapped URL path [/**] onto handler of type [class org.springframework.web.servlet.resource.ResourceHttpRequestHandler]
2020-07-13 21:24:12.787  INFO 29592 --- [restartedMain] o.s.b.d.a.OptionalLiveReloadServer       : LiveReload server is running on port 35729
2020-07-13 21:24:12.800  INFO 29592 --- [restartedMain] o.s.b.a.e.web.EndpointLinksResolver      : Exposing 2 endpoint(s) beneath base path '/actuator'
2020-07-13 21:24:12.811  INFO 29592 --- [restartedMain] s.b.a.e.w.s.WebMvcEndpointHandlerMapping : Mapped "{[/actuator/health],methods=[GET],produces=[application/vnd.spring-boot.actuator.v2+json || application/json]}" onto public java.lang.Object org.springframework.boot.actuate.endpoint.web.servlet.AbstractWebMvcEndpointHandlerMapping$OperationHandler.handle(javax.servlet.http.HttpServletRequest,java.util.Map<java.lang.String, java.lang.String>)
2020-07-13 21:24:12.812  INFO 29592 --- [restartedMain] s.b.a.e.w.s.WebMvcEndpointHandlerMapping : Mapped "{[/actuator/info],methods=[GET],produces=[application/vnd.spring-boot.actuator.v2+json || application/json]}" onto public java.lang.Object org.springframework.boot.actuate.endpoint.web.servlet.AbstractWebMvcEndpointHandlerMapping$OperationHandler.handle(javax.servlet.http.HttpServletRequest,java.util.Map<java.lang.String, java.lang.String>)
2020-07-13 21:24:12.813  INFO 29592 --- [restartedMain] s.b.a.e.w.s.WebMvcEndpointHandlerMapping : Mapped "{[/actuator],methods=[GET],produces=[application/vnd.spring-boot.actuator.v2+json || application/json]}" onto protected java.util.Map<java.lang.String, java.util.Map<java.lang.String, org.springframework.boot.actuate.endpoint.web.Link>> org.springframework.boot.actuate.endpoint.web.servlet.WebMvcEndpointHandlerMapping.links(javax.servlet.http.HttpServletRequest,javax.servlet.http.HttpServletResponse)
2020-07-13 21:24:12.861  INFO 29592 --- [restartedMain] o.s.j.e.a.AnnotationMBeanExporter        : Registering beans for JMX exposure on startup
2020-07-13 21:24:12.862  INFO 29592 --- [restartedMain] o.s.j.e.a.AnnotationMBeanExporter        : Bean with name 'dataSource' has been autodetected for JMX exposure
2020-07-13 21:24:12.867  INFO 29592 --- [restartedMain] o.s.j.e.a.AnnotationMBeanExporter        : Located MBean 'dataSource': registering with JMX server as MBean [com.alibaba.druid.pool:name=dataSource,type=DruidDataSource]
2020-07-13 21:24:12.909  INFO 29592 --- [restartedMain] o.s.b.w.embedded.tomcat.TomcatWebServer  : Tomcat started on port(s): 1234 (http) with context path ''
2020-07-13 21:24:12.912  INFO 29592 --- [restartedMain] com.zhanghui.vue.VueApplication          : Started VueApplication in 5.416 seconds (JVM running for 6.714)
2020-07-13 21:24:13.632  INFO 29592 --- [RMI TCP Connection(2)-192.168.32.1] o.a.c.c.C.[Tomcat].[localhost].[/]       : Initializing Spring FrameworkServlet 'dispatcherServlet'
2020-07-13 21:24:13.633  INFO 29592 --- [RMI TCP Connection(2)-192.168.32.1] o.s.web.servlet.DispatcherServlet        : FrameworkServlet 'dispatcherServlet': initialization started
2020-07-13 21:24:13.651  INFO 29592 --- [RMI TCP Connection(2)-192.168.32.1] o.s.web.servlet.DispatcherServlet        : FrameworkServlet 'dispatcherServlet': initialization completed in 17 ms
2020-07-13 21:24:13.666  INFO 29592 --- [RMI TCP Connection(1)-192.168.32.1] com.alibaba.druid.pool.DruidDataSource   : {dataSource-1} inited
2020-07-13 21:25:27.566  INFO 29592 --- [http-nio-1234-exec-1] c.z.vue.controller.YxAdminController     : 后台得到数据:YxAdmin(id=null, username=11, password=1111, status=111)
2020-07-13 21:33:03.919  INFO 19628 --- [restartedMain] com.zhanghui.vue.VueApplication          : Starting VueApplication on LAPTOP-4BN0RQ22 with PID 19628 (started by 张辉 in F:\Users\张辉\IdeaProjects\XiangMu\zh_vue)
2020-07-13 21:33:03.921  INFO 19628 --- [restartedMain] com.zhanghui.vue.VueApplication          : No active profile set, falling back to default profiles: default
2020-07-13 21:33:03.998  INFO 19628 --- [restartedMain] ConfigServletWebServerApplicationContext : Refreshing org.springframework.boot.web.servlet.context.AnnotationConfigServletWebServerApplicationContext@4fe4b221: startup date [Mon Jul 13 21:33:03 CST 2020]; root of context hierarchy
2020-07-13 21:33:07.315  INFO 19628 --- [restartedMain] trationDelegate$BeanPostProcessorChecker : Bean 'org.springframework.transaction.annotation.ProxyTransactionManagementConfiguration' of type [org.springframework.transaction.annotation.ProxyTransactionManagementConfiguration$$EnhancerBySpringCGLIB$$9f7df4fe] is not eligible for getting processed by all BeanPostProcessors (for example: not eligible for auto-proxying)
2020-07-13 21:33:07.932  INFO 19628 --- [restartedMain] o.s.b.w.embedded.tomcat.TomcatWebServer  : Tomcat initialized with port(s): 1234 (http)
2020-07-13 21:33:07.963  INFO 19628 --- [restartedMain] o.apache.catalina.core.StandardService   : Starting service [Tomcat]
2020-07-13 21:33:07.963  INFO 19628 --- [restartedMain] org.apache.catalina.core.StandardEngine  : Starting Servlet Engine: Apache Tomcat/8.5.34
2020-07-13 21:33:07.969  INFO 19628 --- [localhost-startStop-1] o.a.catalina.core.AprLifecycleListener   : The APR based Apache Tomcat Native library which allows optimal performance in production environments was not found on the java.library.path: [E:\Program Files\Java\jdk1.8.0_121\bin;C:\Windows\Sun\Java\bin;C:\Windows\system32;C:\Windows;F:\oraclexe\app\oracle\product\10.2.0\server\bin;C:\Windows\system32;C:\Windows;C:\Windows\System32\Wbem;C:\Windows\System32\WindowsPowerShell\v1.0\;C:\Windows\System32\OpenSSH\;C:\Program Files (x86)\NVIDIA Corporation\PhysX\Common;C:\Program Files\NVIDIA Corporation\NVIDIA NvDLISR;F:\apache-maven-3.5.3\bin;F:\Users\张辉\bin;E:\Program Files\Java\jdk1.8.0_121\bin;E:\Users\张辉\AppData\Local\VanDyke Software\Clients\;.]
2020-07-13 21:33:08.401  INFO 19628 --- [localhost-startStop-1] org.apache.jasper.servlet.TldScanner     : At least one JAR was scanned for TLDs yet contained no TLDs. Enable debug logging for this logger for a complete list of JARs that were scanned but no TLDs were found in them. Skipping unneeded JARs during scanning can improve startup time and JSP compilation time.
2020-07-13 21:33:08.408  INFO 19628 --- [localhost-startStop-1] o.a.c.c.C.[Tomcat].[localhost].[/]       : Initializing Spring embedded WebApplicationContext
2020-07-13 21:33:08.409  INFO 19628 --- [localhost-startStop-1] o.s.web.context.ContextLoader            : Root WebApplicationContext: initialization completed in 4411 ms
2020-07-13 21:33:09.384  INFO 19628 --- [localhost-startStop-1] o.s.b.w.servlet.FilterRegistrationBean   : Mapping filter: 'characterEncodingFilter' to: [/*]
2020-07-13 21:33:09.385  INFO 19628 --- [localhost-startStop-1] o.s.b.w.servlet.FilterRegistrationBean   : Mapping filter: 'webMvcMetricsFilter' to: [/*]
2020-07-13 21:33:09.385  INFO 19628 --- [localhost-startStop-1] o.s.b.w.servlet.FilterRegistrationBean   : Mapping filter: 'hiddenHttpMethodFilter' to: [/*]
2020-07-13 21:33:09.385  INFO 19628 --- [localhost-startStop-1] o.s.b.w.servlet.FilterRegistrationBean   : Mapping filter: 'httpPutFormContentFilter' to: [/*]
2020-07-13 21:33:09.385  INFO 19628 --- [localhost-startStop-1] o.s.b.w.servlet.FilterRegistrationBean   : Mapping filter: 'requestContextFilter' to: [/*]
2020-07-13 21:33:09.386  INFO 19628 --- [localhost-startStop-1] o.s.b.w.servlet.FilterRegistrationBean   : Mapping filter: 'httpTraceFilter' to: [/*]
2020-07-13 21:33:09.386  INFO 19628 --- [localhost-startStop-1] o.s.b.w.servlet.ServletRegistrationBean  : Servlet dispatcherServlet mapped to [/]
2020-07-13 21:33:09.665  INFO 19628 --- [restartedMain] o.s.w.s.handler.SimpleUrlHandlerMapping  : Mapped URL path [/**/favicon.ico] onto handler of type [class org.springframework.web.servlet.resource.ResourceHttpRequestHandler]
2020-07-13 21:33:09.847  INFO 19628 --- [restartedMain] s.w.s.m.m.a.RequestMappingHandlerAdapter : Looking for @ControllerAdvice: org.springframework.boot.web.servlet.context.AnnotationConfigServletWebServerApplicationContext@4fe4b221: startup date [Mon Jul 13 21:33:03 CST 2020]; root of context hierarchy
2020-07-13 21:33:09.898  INFO 19628 --- [restartedMain] s.w.s.m.m.a.RequestMappingHandlerMapping : Mapped "{[/yxAdmin/insert],methods=[POST]}" onto public java.util.HashMap<java.lang.String, java.lang.String> com.zhanghui.vue.controller.YxAdminController.insert(com.zhanghui.vue.entity.YxAdmin)
2020-07-13 21:33:09.899  INFO 19628 --- [restartedMain] s.w.s.m.m.a.RequestMappingHandlerMapping : Mapped "{[/yxAdmin/selectOne],methods=[GET]}" onto public com.zhanghui.vue.entity.YxAdmin com.zhanghui.vue.controller.YxAdminController.selectOne(java.lang.String)
2020-07-13 21:33:09.899  INFO 19628 --- [restartedMain] s.w.s.m.m.a.RequestMappingHandlerMapping : Mapped "{[/yxAdmin/delById],methods=[GET]}" onto public void com.zhanghui.vue.controller.YxAdminController.delById(java.lang.String)
2020-07-13 21:33:09.899  INFO 19628 --- [restartedMain] s.w.s.m.m.a.RequestMappingHandlerMapping : Mapped "{[/yxAdmin/selectAll],methods=[GET]}" onto public java.util.List<com.zhanghui.vue.entity.YxAdmin> com.zhanghui.vue.controller.YxAdminController.selectAll()
2020-07-13 21:33:09.901  INFO 19628 --- [restartedMain] s.w.s.m.m.a.RequestMappingHandlerMapping : Mapped "{[/yxAdmin/queryWeatherByCity],methods=[GET]}" onto public java.util.Map<java.lang.String, java.lang.String> com.zhanghui.vue.controller.YxAdminController.queryWeatherByCity(java.lang.String)
2020-07-13 21:33:09.902  INFO 19628 --- [restartedMain] s.w.s.m.m.a.RequestMappingHandlerMapping : Mapped "{[/error]}" onto public org.springframework.http.ResponseEntity<java.util.Map<java.lang.String, java.lang.Object>> org.springframework.boot.autoconfigure.web.servlet.error.BasicErrorController.error(javax.servlet.http.HttpServletRequest)
2020-07-13 21:33:09.903  INFO 19628 --- [restartedMain] s.w.s.m.m.a.RequestMappingHandlerMapping : Mapped "{[/error],produces=[text/html]}" onto public org.springframework.web.servlet.ModelAndView org.springframework.boot.autoconfigure.web.servlet.error.BasicErrorController.errorHtml(javax.servlet.http.HttpServletRequest,javax.servlet.http.HttpServletResponse)
2020-07-13 21:33:09.930  INFO 19628 --- [restartedMain] o.s.w.s.handler.SimpleUrlHandlerMapping  : Mapped URL path [/webjars/**] onto handler of type [class org.springframework.web.servlet.resource.ResourceHttpRequestHandler]
2020-07-13 21:33:09.930  INFO 19628 --- [restartedMain] o.s.w.s.handler.SimpleUrlHandlerMapping  : Mapped URL path [/**] onto handler of type [class org.springframework.web.servlet.resource.ResourceHttpRequestHandler]
2020-07-13 21:33:10.409  INFO 19628 --- [restartedMain] o.s.b.d.a.OptionalLiveReloadServer       : LiveReload server is running on port 35729
2020-07-13 21:33:10.424  INFO 19628 --- [restartedMain] o.s.b.a.e.web.EndpointLinksResolver      : Exposing 2 endpoint(s) beneath base path '/actuator'
2020-07-13 21:33:10.439  INFO 19628 --- [restartedMain] s.b.a.e.w.s.WebMvcEndpointHandlerMapping : Mapped "{[/actuator/health],methods=[GET],produces=[application/vnd.spring-boot.actuator.v2+json || application/json]}" onto public java.lang.Object org.springframework.boot.actuate.endpoint.web.servlet.AbstractWebMvcEndpointHandlerMapping$OperationHandler.handle(javax.servlet.http.HttpServletRequest,java.util.Map<java.lang.String, java.lang.String>)
2020-07-13 21:33:10.440  INFO 19628 --- [restartedMain] s.b.a.e.w.s.WebMvcEndpointHandlerMapping : Mapped "{[/actuator/info],methods=[GET],produces=[application/vnd.spring-boot.actuator.v2+json || application/json]}" onto public java.lang.Object org.springframework.boot.actuate.endpoint.web.servlet.AbstractWebMvcEndpointHandlerMapping$OperationHandler.handle(javax.servlet.http.HttpServletRequest,java.util.Map<java.lang.String, java.lang.String>)
2020-07-13 21:33:10.441  INFO 19628 --- [restartedMain] s.b.a.e.w.s.WebMvcEndpointHandlerMapping : Mapped "{[/actuator],methods=[GET],produces=[application/vnd.spring-boot.actuator.v2+json || application/json]}" onto protected java.util.Map<java.lang.String, java.util.Map<java.lang.String, org.springframework.boot.actuate.endpoint.web.Link>> org.springframework.boot.actuate.endpoint.web.servlet.WebMvcEndpointHandlerMapping.links(javax.servlet.http.HttpServletRequest,javax.servlet.http.HttpServletResponse)
2020-07-13 21:33:10.491  INFO 19628 --- [restartedMain] o.s.j.e.a.AnnotationMBeanExporter        : Registering beans for JMX exposure on startup
2020-07-13 21:33:10.492  INFO 19628 --- [restartedMain] o.s.j.e.a.AnnotationMBeanExporter        : Bean with name 'dataSource' has been autodetected for JMX exposure
2020-07-13 21:33:10.498  INFO 19628 --- [restartedMain] o.s.j.e.a.AnnotationMBeanExporter        : Located MBean 'dataSource': registering with JMX server as MBean [com.alibaba.druid.pool:name=dataSource,type=DruidDataSource]
2020-07-13 21:33:10.554  INFO 19628 --- [restartedMain] o.s.b.w.embedded.tomcat.TomcatWebServer  : Tomcat started on port(s): 1234 (http) with context path ''
2020-07-13 21:33:10.559  INFO 19628 --- [restartedMain] com.zhanghui.vue.VueApplication          : Started VueApplication in 7.431 seconds (JVM running for 9.976)
2020-07-13 21:33:11.275  INFO 19628 --- [RMI TCP Connection(4)-192.168.32.1] o.a.c.c.C.[Tomcat].[localhost].[/]       : Initializing Spring FrameworkServlet 'dispatcherServlet'
2020-07-13 21:33:11.275  INFO 19628 --- [RMI TCP Connection(4)-192.168.32.1] o.s.web.servlet.DispatcherServlet        : FrameworkServlet 'dispatcherServlet': initialization started
2020-07-13 21:33:11.306  INFO 19628 --- [RMI TCP Connection(4)-192.168.32.1] o.s.web.servlet.DispatcherServlet        : FrameworkServlet 'dispatcherServlet': initialization completed in 31 ms
2020-07-13 21:33:11.323  INFO 19628 --- [RMI TCP Connection(3)-192.168.32.1] com.alibaba.druid.pool.DruidDataSource   : {dataSource-1} inited
2020-07-13 22:09:16.563  INFO 31072 --- [restartedMain] com.zhanghui.vue.VueApplication          : Starting VueApplication on LAPTOP-4BN0RQ22 with PID 31072 (started by 张辉 in F:\Users\张辉\IdeaProjects\XiangMu\zh_vue)
2020-07-13 22:09:16.566  INFO 31072 --- [restartedMain] com.zhanghui.vue.VueApplication          : No active profile set, falling back to default profiles: default
2020-07-13 22:09:16.668  INFO 31072 --- [restartedMain] ConfigServletWebServerApplicationContext : Refreshing org.springframework.boot.web.servlet.context.AnnotationConfigServletWebServerApplicationContext@60a789fb: startup date [Mon Jul 13 22:09:16 CST 2020]; root of context hierarchy
2020-07-13 22:09:19.059  INFO 31072 --- [restartedMain] trationDelegate$BeanPostProcessorChecker : Bean 'org.springframework.transaction.annotation.ProxyTransactionManagementConfiguration' of type [org.springframework.transaction.annotation.ProxyTransactionManagementConfiguration$$EnhancerBySpringCGLIB$$9a28aa2f] is not eligible for getting processed by all BeanPostProcessors (for example: not eligible for auto-proxying)
2020-07-13 22:09:19.870  INFO 31072 --- [restartedMain] o.s.b.w.embedded.tomcat.TomcatWebServer  : Tomcat initialized with port(s): 1234 (http)
2020-07-13 22:09:19.896  INFO 31072 --- [restartedMain] o.apache.catalina.core.StandardService   : Starting service [Tomcat]
2020-07-13 22:09:19.897  INFO 31072 --- [restartedMain] org.apache.catalina.core.StandardEngine  : Starting Servlet Engine: Apache Tomcat/8.5.34
2020-07-13 22:09:19.901  INFO 31072 --- [localhost-startStop-1] o.a.catalina.core.AprLifecycleListener   : The APR based Apache Tomcat Native library which allows optimal performance in production environments was not found on the java.library.path: [E:\Program Files\Java\jdk1.8.0_121\bin;C:\Windows\Sun\Java\bin;C:\Windows\system32;C:\Windows;F:\oraclexe\app\oracle\product\10.2.0\server\bin;C:\Windows\system32;C:\Windows;C:\Windows\System32\Wbem;C:\Windows\System32\WindowsPowerShell\v1.0\;C:\Windows\System32\OpenSSH\;C:\Program Files (x86)\NVIDIA Corporation\PhysX\Common;C:\Program Files\NVIDIA Corporation\NVIDIA NvDLISR;F:\apache-maven-3.5.3\bin;F:\Users\张辉\bin;E:\Program Files\Java\jdk1.8.0_121\bin;E:\Users\张辉\AppData\Local\VanDyke Software\Clients\;.]
2020-07-13 22:09:20.313  INFO 31072 --- [localhost-startStop-1] org.apache.jasper.servlet.TldScanner     : At least one JAR was scanned for TLDs yet contained no TLDs. Enable debug logging for this logger for a complete list of JARs that were scanned but no TLDs were found in them. Skipping unneeded JARs during scanning can improve startup time and JSP compilation time.
2020-07-13 22:09:20.322  INFO 31072 --- [localhost-startStop-1] o.a.c.c.C.[Tomcat].[localhost].[/]       : Initializing Spring embedded WebApplicationContext
2020-07-13 22:09:20.322  INFO 31072 --- [localhost-startStop-1] o.s.web.context.ContextLoader            : Root WebApplicationContext: initialization completed in 3655 ms
2020-07-13 22:09:21.378  INFO 31072 --- [localhost-startStop-1] o.s.b.w.servlet.FilterRegistrationBean   : Mapping filter: 'characterEncodingFilter' to: [/*]
2020-07-13 22:09:21.379  INFO 31072 --- [localhost-startStop-1] o.s.b.w.servlet.FilterRegistrationBean   : Mapping filter: 'webMvcMetricsFilter' to: [/*]
2020-07-13 22:09:21.379  INFO 31072 --- [localhost-startStop-1] o.s.b.w.servlet.FilterRegistrationBean   : Mapping filter: 'hiddenHttpMethodFilter' to: [/*]
2020-07-13 22:09:21.379  INFO 31072 --- [localhost-startStop-1] o.s.b.w.servlet.FilterRegistrationBean   : Mapping filter: 'httpPutFormContentFilter' to: [/*]
2020-07-13 22:09:21.379  INFO 31072 --- [localhost-startStop-1] o.s.b.w.servlet.FilterRegistrationBean   : Mapping filter: 'requestContextFilter' to: [/*]
2020-07-13 22:09:21.379  INFO 31072 --- [localhost-startStop-1] o.s.b.w.servlet.FilterRegistrationBean   : Mapping filter: 'httpTraceFilter' to: [/*]
2020-07-13 22:09:21.379  INFO 31072 --- [localhost-startStop-1] o.s.b.w.servlet.ServletRegistrationBean  : Servlet dispatcherServlet mapped to [/]
2020-07-13 22:09:21.690  INFO 31072 --- [restartedMain] o.s.w.s.handler.SimpleUrlHandlerMapping  : Mapped URL path [/**/favicon.ico] onto handler of type [class org.springframework.web.servlet.resource.ResourceHttpRequestHandler]
2020-07-13 22:09:21.885  INFO 31072 --- [restartedMain] s.w.s.m.m.a.RequestMappingHandlerAdapter : Looking for @ControllerAdvice: org.springframework.boot.web.servlet.context.AnnotationConfigServletWebServerApplicationContext@60a789fb: startup date [Mon Jul 13 22:09:16 CST 2020]; root of context hierarchy
2020-07-13 22:09:21.947  INFO 31072 --- [restartedMain] s.w.s.m.m.a.RequestMappingHandlerMapping : Mapped "{[/yxAdmin/insert],methods=[POST]}" onto public java.util.HashMap<java.lang.String, java.lang.String> com.zhanghui.vue.controller.YxAdminController.insert(com.zhanghui.vue.entity.YxAdmin)
2020-07-13 22:09:21.948  INFO 31072 --- [restartedMain] s.w.s.m.m.a.RequestMappingHandlerMapping : Mapped "{[/yxAdmin/findOneAdmin],methods=[GET]}" onto public com.zhanghui.vue.entity.YxAdmin com.zhanghui.vue.controller.YxAdminController.findOneAdmin(java.lang.String)
2020-07-13 22:09:21.948  INFO 31072 --- [restartedMain] s.w.s.m.m.a.RequestMappingHandlerMapping : Mapped "{[/yxAdmin/delById],methods=[GET]}" onto public void com.zhanghui.vue.controller.YxAdminController.delById(java.lang.String)
2020-07-13 22:09:21.948  INFO 31072 --- [restartedMain] s.w.s.m.m.a.RequestMappingHandlerMapping : Mapped "{[/yxAdmin/selectAll],methods=[GET]}" onto public java.util.List<com.zhanghui.vue.entity.YxAdmin> com.zhanghui.vue.controller.YxAdminController.selectAll()
2020-07-13 22:09:21.950  INFO 31072 --- [restartedMain] s.w.s.m.m.a.RequestMappingHandlerMapping : Mapped "{[/yxAdmin/queryWeatherByCity],methods=[GET]}" onto public java.util.Map<java.lang.String, java.lang.String> com.zhanghui.vue.controller.YxAdminController.queryWeatherByCity(java.lang.String)
2020-07-13 22:09:21.952  INFO 31072 --- [restartedMain] s.w.s.m.m.a.RequestMappingHandlerMapping : Mapped "{[/error]}" onto public org.springframework.http.ResponseEntity<java.util.Map<java.lang.String, java.lang.Object>> org.springframework.boot.autoconfigure.web.servlet.error.BasicErrorController.error(javax.servlet.http.HttpServletRequest)
2020-07-13 22:09:21.952  INFO 31072 --- [restartedMain] s.w.s.m.m.a.RequestMappingHandlerMapping : Mapped "{[/error],produces=[text/html]}" onto public org.springframework.web.servlet.ModelAndView org.springframework.boot.autoconfigure.web.servlet.error.BasicErrorController.errorHtml(javax.servlet.http.HttpServletRequest,javax.servlet.http.HttpServletResponse)
2020-07-13 22:09:21.986  INFO 31072 --- [restartedMain] o.s.w.s.handler.SimpleUrlHandlerMapping  : Mapped URL path [/webjars/**] onto handler of type [class org.springframework.web.servlet.resource.ResourceHttpRequestHandler]
2020-07-13 22:09:21.986  INFO 31072 --- [restartedMain] o.s.w.s.handler.SimpleUrlHandlerMapping  : Mapped URL path [/**] onto handler of type [class org.springframework.web.servlet.resource.ResourceHttpRequestHandler]
2020-07-13 22:09:22.582  INFO 31072 --- [restartedMain] o.s.b.d.a.OptionalLiveReloadServer       : LiveReload server is running on port 35729
2020-07-13 22:09:22.598  INFO 31072 --- [restartedMain] o.s.b.a.e.web.EndpointLinksResolver      : Exposing 2 endpoint(s) beneath base path '/actuator'
2020-07-13 22:09:22.611  INFO 31072 --- [restartedMain] s.b.a.e.w.s.WebMvcEndpointHandlerMapping : Mapped "{[/actuator/health],methods=[GET],produces=[application/vnd.spring-boot.actuator.v2+json || application/json]}" onto public java.lang.Object org.springframework.boot.actuate.endpoint.web.servlet.AbstractWebMvcEndpointHandlerMapping$OperationHandler.handle(javax.servlet.http.HttpServletRequest,java.util.Map<java.lang.String, java.lang.String>)
2020-07-13 22:09:22.613  INFO 31072 --- [restartedMain] s.b.a.e.w.s.WebMvcEndpointHandlerMapping : Mapped "{[/actuator/info],methods=[GET],produces=[application/vnd.spring-boot.actuator.v2+json || application/json]}" onto public java.lang.Object org.springframework.boot.actuate.endpoint.web.servlet.AbstractWebMvcEndpointHandlerMapping$OperationHandler.handle(javax.servlet.http.HttpServletRequest,java.util.Map<java.lang.String, java.lang.String>)
2020-07-13 22:09:22.614  INFO 31072 --- [restartedMain] s.b.a.e.w.s.WebMvcEndpointHandlerMapping : Mapped "{[/actuator],methods=[GET],produces=[application/vnd.spring-boot.actuator.v2+json || application/json]}" onto protected java.util.Map<java.lang.String, java.util.Map<java.lang.String, org.springframework.boot.actuate.endpoint.web.Link>> org.springframework.boot.actuate.endpoint.web.servlet.WebMvcEndpointHandlerMapping.links(javax.servlet.http.HttpServletRequest,javax.servlet.http.HttpServletResponse)
2020-07-13 22:09:22.666  INFO 31072 --- [restartedMain] o.s.j.e.a.AnnotationMBeanExporter        : Registering beans for JMX exposure on startup
2020-07-13 22:09:22.668  INFO 31072 --- [restartedMain] o.s.j.e.a.AnnotationMBeanExporter        : Bean with name 'dataSource' has been autodetected for JMX exposure
2020-07-13 22:09:22.674  INFO 31072 --- [restartedMain] o.s.j.e.a.AnnotationMBeanExporter        : Located MBean 'dataSource': registering with JMX server as MBean [com.alibaba.druid.pool:name=dataSource,type=DruidDataSource]
2020-07-13 22:09:22.720  INFO 31072 --- [restartedMain] o.s.b.w.embedded.tomcat.TomcatWebServer  : Tomcat started on port(s): 1234 (http) with context path ''
2020-07-13 22:09:22.724  INFO 31072 --- [restartedMain] com.zhanghui.vue.VueApplication          : Started VueApplication in 7.255 seconds (JVM running for 10.087)
2020-07-13 22:09:22.922  INFO 31072 --- [RMI TCP Connection(1)-192.168.32.1] o.a.c.c.C.[Tomcat].[localhost].[/]       : Initializing Spring FrameworkServlet 'dispatcherServlet'
2020-07-13 22:09:22.924  INFO 31072 --- [RMI TCP Connection(1)-192.168.32.1] o.s.web.servlet.DispatcherServlet        : FrameworkServlet 'dispatcherServlet': initialization started
2020-07-13 22:09:22.948  INFO 31072 --- [RMI TCP Connection(1)-192.168.32.1] o.s.web.servlet.DispatcherServlet        : FrameworkServlet 'dispatcherServlet': initialization completed in 24 ms
2020-07-13 22:09:23.656  INFO 31072 --- [RMI TCP Connection(3)-192.168.32.1] com.alibaba.druid.pool.DruidDataSource   : {dataSource-1} inited
2020-07-13 22:16:59.758  INFO 24876 --- [restartedMain] com.zhanghui.vue.VueApplication          : Starting VueApplication on LAPTOP-4BN0RQ22 with PID 24876 (started by 张辉 in F:\Users\张辉\IdeaProjects\XiangMu\zh_vue)
2020-07-13 22:16:59.761  INFO 24876 --- [restartedMain] com.zhanghui.vue.VueApplication          : No active profile set, falling back to default profiles: default
2020-07-13 22:16:59.903  INFO 24876 --- [restartedMain] ConfigServletWebServerApplicationContext : Refreshing org.springframework.boot.web.servlet.context.AnnotationConfigServletWebServerApplicationContext@73c8b1ed: startup date [Mon Jul 13 22:16:59 CST 2020]; root of context hierarchy
2020-07-13 22:17:02.384  INFO 24876 --- [restartedMain] trationDelegate$BeanPostProcessorChecker : Bean 'org.springframework.transaction.annotation.ProxyTransactionManagementConfiguration' of type [org.springframework.transaction.annotation.ProxyTransactionManagementConfiguration$$EnhancerBySpringCGLIB$$c1a2c885] is not eligible for getting processed by all BeanPostProcessors (for example: not eligible for auto-proxying)
2020-07-13 22:17:02.997  INFO 24876 --- [restartedMain] o.s.b.w.embedded.tomcat.TomcatWebServer  : Tomcat initialized with port(s): 1234 (http)
2020-07-13 22:17:03.020  INFO 24876 --- [restartedMain] o.apache.catalina.core.StandardService   : Starting service [Tomcat]
2020-07-13 22:17:03.020  INFO 24876 --- [restartedMain] org.apache.catalina.core.StandardEngine  : Starting Servlet Engine: Apache Tomcat/8.5.34
2020-07-13 22:17:03.024  INFO 24876 --- [localhost-startStop-1] o.a.catalina.core.AprLifecycleListener   : The APR based Apache Tomcat Native library which allows optimal performance in production environments was not found on the java.library.path: [E:\Program Files\Java\jdk1.8.0_121\bin;C:\Windows\Sun\Java\bin;C:\Windows\system32;C:\Windows;F:\oraclexe\app\oracle\product\10.2.0\server\bin;C:\Windows\system32;C:\Windows;C:\Windows\System32\Wbem;C:\Windows\System32\WindowsPowerShell\v1.0\;C:\Windows\System32\OpenSSH\;C:\Program Files (x86)\NVIDIA Corporation\PhysX\Common;C:\Program Files\NVIDIA Corporation\NVIDIA NvDLISR;F:\apache-maven-3.5.3\bin;F:\Users\张辉\bin;E:\Program Files\Java\jdk1.8.0_121\bin;E:\Users\张辉\AppData\Local\VanDyke Software\Clients\;.]
2020-07-13 22:17:03.448  INFO 24876 --- [localhost-startStop-1] org.apache.jasper.servlet.TldScanner     : At least one JAR was scanned for TLDs yet contained no TLDs. Enable debug logging for this logger for a complete list of JARs that were scanned but no TLDs were found in them. Skipping unneeded JARs during scanning can improve startup time and JSP compilation time.
2020-07-13 22:17:03.455  INFO 24876 --- [localhost-startStop-1] o.a.c.c.C.[Tomcat].[localhost].[/]       : Initializing Spring embedded WebApplicationContext
2020-07-13 22:17:03.455  INFO 24876 --- [localhost-startStop-1] o.s.web.context.ContextLoader            : Root WebApplicationContext: initialization completed in 3552 ms
2020-07-13 22:17:04.832  INFO 24876 --- [localhost-startStop-1] o.s.b.w.servlet.FilterRegistrationBean   : Mapping filter: 'characterEncodingFilter' to: [/*]
2020-07-13 22:17:04.833  INFO 24876 --- [localhost-startStop-1] o.s.b.w.servlet.FilterRegistrationBean   : Mapping filter: 'webMvcMetricsFilter' to: [/*]
2020-07-13 22:17:04.833  INFO 24876 --- [localhost-startStop-1] o.s.b.w.servlet.FilterRegistrationBean   : Mapping filter: 'hiddenHttpMethodFilter' to: [/*]
2020-07-13 22:17:04.833  INFO 24876 --- [localhost-startStop-1] o.s.b.w.servlet.FilterRegistrationBean   : Mapping filter: 'httpPutFormContentFilter' to: [/*]
2020-07-13 22:17:04.833  INFO 24876 --- [localhost-startStop-1] o.s.b.w.servlet.FilterRegistrationBean   : Mapping filter: 'requestContextFilter' to: [/*]
2020-07-13 22:17:04.833  INFO 24876 --- [localhost-startStop-1] o.s.b.w.servlet.FilterRegistrationBean   : Mapping filter: 'httpTraceFilter' to: [/*]
2020-07-13 22:17:04.834  INFO 24876 --- [localhost-startStop-1] o.s.b.w.servlet.ServletRegistrationBean  : Servlet dispatcherServlet mapped to [/]
2020-07-13 22:17:05.199  INFO 24876 --- [restartedMain] o.s.w.s.handler.SimpleUrlHandlerMapping  : Mapped URL path [/**/favicon.ico] onto handler of type [class org.springframework.web.servlet.resource.ResourceHttpRequestHandler]
2020-07-13 22:17:05.419  INFO 24876 --- [restartedMain] s.w.s.m.m.a.RequestMappingHandlerAdapter : Looking for @ControllerAdvice: org.springframework.boot.web.servlet.context.AnnotationConfigServletWebServerApplicationContext@73c8b1ed: startup date [Mon Jul 13 22:16:59 CST 2020]; root of context hierarchy
2020-07-13 22:17:05.500  INFO 24876 --- [restartedMain] s.w.s.m.m.a.RequestMappingHandlerMapping : Mapped "{[/yxAdmin/insert],methods=[POST]}" onto public java.util.HashMap<java.lang.String, java.lang.String> com.zhanghui.vue.controller.YxAdminController.insert(com.zhanghui.vue.entity.YxAdmin)
2020-07-13 22:17:05.501  INFO 24876 --- [restartedMain] s.w.s.m.m.a.RequestMappingHandlerMapping : Mapped "{[/yxAdmin/queryWeatherByCity],methods=[GET]}" onto public java.util.Map<java.lang.String, java.lang.String> com.zhanghui.vue.controller.YxAdminController.queryWeatherByCity(java.lang.String)
2020-07-13 22:17:05.501  INFO 24876 --- [restartedMain] s.w.s.m.m.a.RequestMappingHandlerMapping : Mapped "{[/yxAdmin/updateById],methods=[POST]}" onto public void com.zhanghui.vue.controller.YxAdminController.updateById(com.zhanghui.vue.entity.YxAdmin)
2020-07-13 22:17:05.501  INFO 24876 --- [restartedMain] s.w.s.m.m.a.RequestMappingHandlerMapping : Mapped "{[/yxAdmin/findOneAdmin],methods=[GET]}" onto public com.zhanghui.vue.entity.YxAdmin com.zhanghui.vue.controller.YxAdminController.findOneAdmin(java.lang.String)
2020-07-13 22:17:05.502  INFO 24876 --- [restartedMain] s.w.s.m.m.a.RequestMappingHandlerMapping : Mapped "{[/yxAdmin/selectAll],methods=[GET]}" onto public java.util.List<com.zhanghui.vue.entity.YxAdmin> com.zhanghui.vue.controller.YxAdminController.selectAll()
2020-07-13 22:17:05.503  INFO 24876 --- [restartedMain] s.w.s.m.m.a.RequestMappingHandlerMapping : Mapped "{[/yxAdmin/delById],methods=[GET]}" onto public void com.zhanghui.vue.controller.YxAdminController.delById(java.lang.String)
2020-07-13 22:17:05.505  INFO 24876 --- [restartedMain] s.w.s.m.m.a.RequestMappingHandlerMapping : Mapped "{[/error]}" onto public org.springframework.http.ResponseEntity<java.util.Map<java.lang.String, java.lang.Object>> org.springframework.boot.autoconfigure.web.servlet.error.BasicErrorController.error(javax.servlet.http.HttpServletRequest)
2020-07-13 22:17:05.506  INFO 24876 --- [restartedMain] s.w.s.m.m.a.RequestMappingHandlerMapping : Mapped "{[/error],produces=[text/html]}" onto public org.springframework.web.servlet.ModelAndView org.springframework.boot.autoconfigure.web.servlet.error.BasicErrorController.errorHtml(javax.servlet.http.HttpServletRequest,javax.servlet.http.HttpServletResponse)
2020-07-13 22:17:05.546  INFO 24876 --- [restartedMain] o.s.w.s.handler.SimpleUrlHandlerMapping  : Mapped URL path [/webjars/**] onto handler of type [class org.springframework.web.servlet.resource.ResourceHttpRequestHandler]
2020-07-13 22:17:05.547  INFO 24876 --- [restartedMain] o.s.w.s.handler.SimpleUrlHandlerMapping  : Mapped URL path [/**] onto handler of type [class org.springframework.web.servlet.resource.ResourceHttpRequestHandler]
2020-07-13 22:17:06.150  INFO 24876 --- [restartedMain] o.s.b.d.a.OptionalLiveReloadServer       : LiveReload server is running on port 35729
2020-07-13 22:17:06.167  INFO 24876 --- [restartedMain] o.s.b.a.e.web.EndpointLinksResolver      : Exposing 2 endpoint(s) beneath base path '/actuator'
2020-07-13 22:17:06.183  INFO 24876 --- [restartedMain] s.b.a.e.w.s.WebMvcEndpointHandlerMapping : Mapped "{[/actuator/health],methods=[GET],produces=[application/vnd.spring-boot.actuator.v2+json || application/json]}" onto public java.lang.Object org.springframework.boot.actuate.endpoint.web.servlet.AbstractWebMvcEndpointHandlerMapping$OperationHandler.handle(javax.servlet.http.HttpServletRequest,java.util.Map<java.lang.String, java.lang.String>)
2020-07-13 22:17:06.184  INFO 24876 --- [restartedMain] s.b.a.e.w.s.WebMvcEndpointHandlerMapping : Mapped "{[/actuator/info],methods=[GET],produces=[application/vnd.spring-boot.actuator.v2+json || application/json]}" onto public java.lang.Object org.springframework.boot.actuate.endpoint.web.servlet.AbstractWebMvcEndpointHandlerMapping$OperationHandler.handle(javax.servlet.http.HttpServletRequest,java.util.Map<java.lang.String, java.lang.String>)
2020-07-13 22:17:06.185  INFO 24876 --- [restartedMain] s.b.a.e.w.s.WebMvcEndpointHandlerMapping : Mapped "{[/actuator],methods=[GET],produces=[application/vnd.spring-boot.actuator.v2+json || application/json]}" onto protected java.util.Map<java.lang.String, java.util.Map<java.lang.String, org.springframework.boot.actuate.endpoint.web.Link>> org.springframework.boot.actuate.endpoint.web.servlet.WebMvcEndpointHandlerMapping.links(javax.servlet.http.HttpServletRequest,javax.servlet.http.HttpServletResponse)
2020-07-13 22:17:06.241  INFO 24876 --- [restartedMain] o.s.j.e.a.AnnotationMBeanExporter        : Registering beans for JMX exposure on startup
2020-07-13 22:17:06.242  INFO 24876 --- [restartedMain] o.s.j.e.a.AnnotationMBeanExporter        : Bean with name 'dataSource' has been autodetected for JMX exposure
2020-07-13 22:17:06.249  INFO 24876 --- [restartedMain] o.s.j.e.a.AnnotationMBeanExporter        : Located MBean 'dataSource': registering with JMX server as MBean [com.alibaba.druid.pool:name=dataSource,type=DruidDataSource]
2020-07-13 22:17:06.296  INFO 24876 --- [restartedMain] o.s.b.w.embedded.tomcat.TomcatWebServer  : Tomcat started on port(s): 1234 (http) with context path ''
2020-07-13 22:17:06.300  INFO 24876 --- [restartedMain] com.zhanghui.vue.VueApplication          : Started VueApplication in 7.457 seconds (JVM running for 11.422)
2020-07-13 22:17:07.269  INFO 24876 --- [RMI TCP Connection(3)-192.168.32.1] o.a.c.c.C.[Tomcat].[localhost].[/]       : Initializing Spring FrameworkServlet 'dispatcherServlet'
2020-07-13 22:17:07.269  INFO 24876 --- [RMI TCP Connection(3)-192.168.32.1] o.s.web.servlet.DispatcherServlet        : FrameworkServlet 'dispatcherServlet': initialization started
2020-07-13 22:17:07.296  INFO 24876 --- [RMI TCP Connection(3)-192.168.32.1] o.s.web.servlet.DispatcherServlet        : FrameworkServlet 'dispatcherServlet': initialization completed in 26 ms
2020-07-13 22:17:07.314  INFO 24876 --- [RMI TCP Connection(2)-192.168.32.1] com.alibaba.druid.pool.DruidDataSource   : {dataSource-1} inited
2020-07-13 22:26:38.851  INFO 24876 --- [http-nio-1234-exec-1] c.z.vue.controller.YxAdminController     : 后台得到数据:YxAdmin(id=d10263b2c31b4dcab33766afe18a13c4, username=sdaaaaaaaaaa, password=sda, status=sda)
2020-07-13 22:27:39.973  INFO 24876 --- [http-nio-1234-exec-4] c.z.vue.controller.YxAdminController     : 后台得到数据:YxAdmin(id=1ee36798a6c942b294aa8f7bccbb182c, username=bbbbbbbbbb, password=sda, status=aaaaaaaaa)
2020-07-13 22:28:37.525  INFO 24876 --- [http-nio-1234-exec-5] c.z.vue.controller.YxAdminController     : 后台得到数据:YxAdmin(id=f7f9d2f3404b4e08a2a9b91b926fdda6, username=ccccccccccccc, password=12213, status=cccccccccc)
2020-07-13 22:28:54.781  INFO 24876 --- [http-nio-1234-exec-4] c.z.vue.controller.YxAdminController     : 后台得到数据:YxAdmin(id=f7f9d2f3404b4e08a2a9b91b926fdda6, username=211111, password=111111111111111, status=111111111)
2020-07-13 22:32:31.790  INFO 29096 --- [restartedMain] com.zhanghui.vue.VueApplication          : Starting VueApplication on LAPTOP-4BN0RQ22 with PID 29096 (started by 张辉 in F:\Users\张辉\IdeaProjects\XiangMu\zh_vue)
2020-07-13 22:32:31.792  INFO 29096 --- [restartedMain] com.zhanghui.vue.VueApplication          : No active profile set, falling back to default profiles: default
2020-07-13 22:32:31.860  INFO 29096 --- [restartedMain] ConfigServletWebServerApplicationContext : Refreshing org.springframework.boot.web.servlet.context.AnnotationConfigServletWebServerApplicationContext@5eb59ed0: startup date [Mon Jul 13 22:32:31 CST 2020]; root of context hierarchy
2020-07-13 22:32:34.496  INFO 29096 --- [restartedMain] trationDelegate$BeanPostProcessorChecker : Bean 'org.springframework.transaction.annotation.ProxyTransactionManagementConfiguration' of type [org.springframework.transaction.annotation.ProxyTransactionManagementConfiguration$$EnhancerBySpringCGLIB$$67f19d56] is not eligible for getting processed by all BeanPostProcessors (for example: not eligible for auto-proxying)
2020-07-13 22:32:35.163  INFO 29096 --- [restartedMain] o.s.b.w.embedded.tomcat.TomcatWebServer  : Tomcat initialized with port(s): 1234 (http)
2020-07-13 22:32:35.187  INFO 29096 --- [restartedMain] o.apache.catalina.core.StandardService   : Starting service [Tomcat]
2020-07-13 22:32:35.187  INFO 29096 --- [restartedMain] org.apache.catalina.core.StandardEngine  : Starting Servlet Engine: Apache Tomcat/8.5.34
2020-07-13 22:32:35.191  INFO 29096 --- [localhost-startStop-1] o.a.catalina.core.AprLifecycleListener   : The APR based Apache Tomcat Native library which allows optimal performance in production environments was not found on the java.library.path: [E:\Program Files\Java\jdk1.8.0_121\bin;C:\Windows\Sun\Java\bin;C:\Windows\system32;C:\Windows;F:\oraclexe\app\oracle\product\10.2.0\server\bin;C:\Windows\system32;C:\Windows;C:\Windows\System32\Wbem;C:\Windows\System32\WindowsPowerShell\v1.0\;C:\Windows\System32\OpenSSH\;C:\Program Files (x86)\NVIDIA Corporation\PhysX\Common;C:\Program Files\NVIDIA Corporation\NVIDIA NvDLISR;F:\apache-maven-3.5.3\bin;F:\Users\张辉\bin;E:\Program Files\Java\jdk1.8.0_121\bin;E:\Users\张辉\AppData\Local\VanDyke Software\Clients\;.]
2020-07-13 22:32:35.616  INFO 29096 --- [localhost-startStop-1] org.apache.jasper.servlet.TldScanner     : At least one JAR was scanned for TLDs yet contained no TLDs. Enable debug logging for this logger for a complete list of JARs that were scanned but no TLDs were found in them. Skipping unneeded JARs during scanning can improve startup time and JSP compilation time.
2020-07-13 22:32:35.624  INFO 29096 --- [localhost-startStop-1] o.a.c.c.C.[Tomcat].[localhost].[/]       : Initializing Spring embedded WebApplicationContext
2020-07-13 22:32:35.624  INFO 29096 --- [localhost-startStop-1] o.s.web.context.ContextLoader            : Root WebApplicationContext: initialization completed in 3765 ms
2020-07-13 22:32:36.823  INFO 29096 --- [localhost-startStop-1] o.s.b.w.servlet.FilterRegistrationBean   : Mapping filter: 'characterEncodingFilter' to: [/*]
2020-07-13 22:32:36.824  INFO 29096 --- [localhost-startStop-1] o.s.b.w.servlet.FilterRegistrationBean   : Mapping filter: 'webMvcMetricsFilter' to: [/*]
2020-07-13 22:32:36.824  INFO 29096 --- [localhost-startStop-1] o.s.b.w.servlet.FilterRegistrationBean   : Mapping filter: 'hiddenHttpMethodFilter' to: [/*]
2020-07-13 22:32:36.824  INFO 29096 --- [localhost-startStop-1] o.s.b.w.servlet.FilterRegistrationBean   : Mapping filter: 'httpPutFormContentFilter' to: [/*]
2020-07-13 22:32:36.824  INFO 29096 --- [localhost-startStop-1] o.s.b.w.servlet.FilterRegistrationBean   : Mapping filter: 'requestContextFilter' to: [/*]
2020-07-13 22:32:36.825  INFO 29096 --- [localhost-startStop-1] o.s.b.w.servlet.FilterRegistrationBean   : Mapping filter: 'httpTraceFilter' to: [/*]
2020-07-13 22:32:36.825  INFO 29096 --- [localhost-startStop-1] o.s.b.w.servlet.ServletRegistrationBean  : Servlet dispatcherServlet mapped to [/]
2020-07-13 22:32:37.153  INFO 29096 --- [restartedMain] o.s.w.s.handler.SimpleUrlHandlerMapping  : Mapped URL path [/**/favicon.ico] onto handler of type [class org.springframework.web.servlet.resource.ResourceHttpRequestHandler]
2020-07-13 22:32:37.330  INFO 29096 --- [restartedMain] s.w.s.m.m.a.RequestMappingHandlerAdapter : Looking for @ControllerAdvice: org.springframework.boot.web.servlet.context.AnnotationConfigServletWebServerApplicationContext@5eb59ed0: startup date [Mon Jul 13 22:32:31 CST 2020]; root of context hierarchy
2020-07-13 22:32:37.383  INFO 29096 --- [restartedMain] s.w.s.m.m.a.RequestMappingHandlerMapping : Mapped "{[/yxAdmin/insert],methods=[POST]}" onto public java.util.HashMap<java.lang.String, java.lang.String> com.zhanghui.vue.controller.YxAdminController.insert(com.zhanghui.vue.entity.YxAdmin)
2020-07-13 22:32:37.384  INFO 29096 --- [restartedMain] s.w.s.m.m.a.RequestMappingHandlerMapping : Mapped "{[/yxAdmin/queryWeatherByCity],methods=[GET]}" onto public java.util.Map<java.lang.String, java.lang.String> com.zhanghui.vue.controller.YxAdminController.queryWeatherByCity(java.lang.String)
2020-07-13 22:32:37.384  INFO 29096 --- [restartedMain] s.w.s.m.m.a.RequestMappingHandlerMapping : Mapped "{[/yxAdmin/delById],methods=[GET]}" onto public void com.zhanghui.vue.controller.YxAdminController.delById(java.lang.String)
2020-07-13 22:32:37.384  INFO 29096 --- [restartedMain] s.w.s.m.m.a.RequestMappingHandlerMapping : Mapped "{[/yxAdmin/findOneAdmin],methods=[GET]}" onto public com.zhanghui.vue.entity.YxAdmin com.zhanghui.vue.controller.YxAdminController.findOneAdmin(java.lang.String)
2020-07-13 22:32:37.385  INFO 29096 --- [restartedMain] s.w.s.m.m.a.RequestMappingHandlerMapping : Mapped "{[/yxAdmin/selectAll],methods=[GET]}" onto public java.util.List<com.zhanghui.vue.entity.YxAdmin> com.zhanghui.vue.controller.YxAdminController.selectAll()
2020-07-13 22:32:37.387  INFO 29096 --- [restartedMain] s.w.s.m.m.a.RequestMappingHandlerMapping : Mapped "{[/error]}" onto public org.springframework.http.ResponseEntity<java.util.Map<java.lang.String, java.lang.Object>> org.springframework.boot.autoconfigure.web.servlet.error.BasicErrorController.error(javax.servlet.http.HttpServletRequest)
2020-07-13 22:32:37.388  INFO 29096 --- [restartedMain] s.w.s.m.m.a.RequestMappingHandlerMapping : Mapped "{[/error],produces=[text/html]}" onto public org.springframework.web.servlet.ModelAndView org.springframework.boot.autoconfigure.web.servlet.error.BasicErrorController.errorHtml(javax.servlet.http.HttpServletRequest,javax.servlet.http.HttpServletResponse)
2020-07-13 22:32:37.414  INFO 29096 --- [restartedMain] o.s.w.s.handler.SimpleUrlHandlerMapping  : Mapped URL path [/webjars/**] onto handler of type [class org.springframework.web.servlet.resource.ResourceHttpRequestHandler]
2020-07-13 22:32:37.414  INFO 29096 --- [restartedMain] o.s.w.s.handler.SimpleUrlHandlerMapping  : Mapped URL path [/**] onto handler of type [class org.springframework.web.servlet.resource.ResourceHttpRequestHandler]
2020-07-13 22:32:37.962  INFO 29096 --- [restartedMain] o.s.b.d.a.OptionalLiveReloadServer       : LiveReload server is running on port 35729
2020-07-13 22:32:37.976  INFO 29096 --- [restartedMain] o.s.b.a.e.web.EndpointLinksResolver      : Exposing 2 endpoint(s) beneath base path '/actuator'
2020-07-13 22:32:37.991  INFO 29096 --- [restartedMain] s.b.a.e.w.s.WebMvcEndpointHandlerMapping : Mapped "{[/actuator/health],methods=[GET],produces=[application/vnd.spring-boot.actuator.v2+json || application/json]}" onto public java.lang.Object org.springframework.boot.actuate.endpoint.web.servlet.AbstractWebMvcEndpointHandlerMapping$OperationHandler.handle(javax.servlet.http.HttpServletRequest,java.util.Map<java.lang.String, java.lang.String>)
2020-07-13 22:32:37.992  INFO 29096 --- [restartedMain] s.b.a.e.w.s.WebMvcEndpointHandlerMapping : Mapped "{[/actuator/info],methods=[GET],produces=[application/vnd.spring-boot.actuator.v2+json || application/json]}" onto public java.lang.Object org.springframework.boot.actuate.endpoint.web.servlet.AbstractWebMvcEndpointHandlerMapping$OperationHandler.handle(javax.servlet.http.HttpServletRequest,java.util.Map<java.lang.String, java.lang.String>)
2020-07-13 22:32:37.993  INFO 29096 --- [restartedMain] s.b.a.e.w.s.WebMvcEndpointHandlerMapping : Mapped "{[/actuator],methods=[GET],produces=[application/vnd.spring-boot.actuator.v2+json || application/json]}" onto protected java.util.Map<java.lang.String, java.util.Map<java.lang.String, org.springframework.boot.actuate.endpoint.web.Link>> org.springframework.boot.actuate.endpoint.web.servlet.WebMvcEndpointHandlerMapping.links(javax.servlet.http.HttpServletRequest,javax.servlet.http.HttpServletResponse)
2020-07-13 22:32:38.053  INFO 29096 --- [restartedMain] o.s.j.e.a.AnnotationMBeanExporter        : Registering beans for JMX exposure on startup
2020-07-13 22:32:38.054  INFO 29096 --- [restartedMain] o.s.j.e.a.AnnotationMBeanExporter        : Bean with name 'dataSource' has been autodetected for JMX exposure
2020-07-13 22:32:38.059  INFO 29096 --- [restartedMain] o.s.j.e.a.AnnotationMBeanExporter        : Located MBean 'dataSource': registering with JMX server as MBean [com.alibaba.druid.pool:name=dataSource,type=DruidDataSource]
2020-07-13 22:32:38.103  INFO 29096 --- [restartedMain] o.s.b.w.embedded.tomcat.TomcatWebServer  : Tomcat started on port(s): 1234 (http) with context path ''
2020-07-13 22:32:38.107  INFO 29096 --- [restartedMain] com.zhanghui.vue.VueApplication          : Started VueApplication in 6.825 seconds (JVM running for 8.533)
2020-07-13 22:32:38.760  INFO 29096 --- [RMI TCP Connection(3)-192.168.32.1] o.a.c.c.C.[Tomcat].[localhost].[/]       : Initializing Spring FrameworkServlet 'dispatcherServlet'
2020-07-13 22:32:38.760  INFO 29096 --- [RMI TCP Connection(3)-192.168.32.1] o.s.web.servlet.DispatcherServlet        : FrameworkServlet 'dispatcherServlet': initialization started
2020-07-13 22:32:38.791  INFO 29096 --- [RMI TCP Connection(3)-192.168.32.1] o.s.web.servlet.DispatcherServlet        : FrameworkServlet 'dispatcherServlet': initialization completed in 30 ms
2020-07-13 22:32:38.807  INFO 29096 --- [RMI TCP Connection(4)-192.168.32.1] com.alibaba.druid.pool.DruidDataSource   : {dataSource-1} inited
2020-07-13 22:33:27.010  INFO 29096 --- [http-nio-1234-exec-2] c.z.vue.controller.YxAdminController     : 后台得到数据:YxAdmin(id=d10263b2c31b4dcab33766afe18a13c4, username=11, password=sda, status=111)
2020-07-13 22:33:39.523  INFO 29096 --- [http-nio-1234-exec-5] c.z.vue.controller.YxAdminController     : 后台得到数据:YxAdmin(id=d10263b2c31b4dcab33766afe18a13c4, username=aa, password=aaaaaa, status=aaaaaaaaa)
2020-07-13 22:33:49.087  INFO 29096 --- [http-nio-1234-exec-1] c.z.vue.controller.YxAdminController     : 后台得到数据:YxAdmin(id=d10263b2c31b4dcab33766afe18a13c4, username=bb, password=bbb, status=bbbb)
2020-07-13 22:34:47.013  INFO 29096 --- [http-nio-1234-exec-10] c.z.vue.controller.YxAdminController     : 后台得到数据:YxAdmin(id=null, username=wqe, password=wqe, status=wqe)
2020-07-13 22:34:55.590  INFO 29096 --- [http-nio-1234-exec-3] c.z.vue.controller.YxAdminController     : 后台得到数据:YxAdmin(id=671942ac116c4590a6b1b15f07d5f612, username=111, password=111, status=111)
2020-07-13 22:35:02.606  INFO 29096 --- [http-nio-1234-exec-4] c.z.vue.controller.YxAdminController     : 后台得到数据:YxAdmin(id=671942ac116c4590a6b1b15f07d5f612, username=222, password=222, status=222)
2020-07-13 22:44:34.268  INFO 29096 --- [http-nio-1234-exec-2] c.z.vue.controller.YxAdminController     : 后台得到数据:YxAdmin(id=1ee36798a6c942b294aa8f7bccbb182c, username=sd, password=sda, status=sda)
